This is XeTeX, Version 3.141592653-2.6-0.999996 (TeX Live 2024) (preloaded format=xelatex 2024.6.2)  7 FEB 2025 00:46
entering extended mode
 restricted \write18 enabled.
 file:line:error style messages enabled.
 %&-line parsing enabled.
**"g:/Nextcloud/FSU_Cloud/Big Data/Projekt/report/report"
(g:/Nextcloud/FSU_Cloud/Big Data/Projekt/report/report.tex
LaTeX2e <2023-11-01> patch level 1
L3 programming layer <2024-05-08>
(d:/Tex Live/texlive/2024/texmf-dist/tex/latex/base/article.cls
Document Class: article 2023/05/17 v1.4n Standard LaTeX document class
(d:/Tex Live/texlive/2024/texmf-dist/tex/latex/base/size12.clo
File: size12.clo 2023/05/17 v1.4n Standard LaTeX file (size option)
)
\c@part=\count185
\c@section=\count186
\c@subsection=\count187
\c@subsubsection=\count188
\c@paragraph=\count189
\c@subparagraph=\count190
\c@figure=\count191
\c@table=\count192
\abovecaptionskip=\skip48
\belowcaptionskip=\skip49
\bibindent=\dimen140
) (d:/Tex Live/texlive/2024/texmf-dist/tex/latex/base/inputenc.sty
Package: inputenc 2021/02/14 v1.3d Input encoding file
\inpenc@prehook=\toks17
\inpenc@posthook=\toks18


Package inputenc Warning: inputenc package ignored with utf8 based engines.

) (d:/Tex Live/texlive/2024/texmf-dist/tex/latex/amsmath/amsmath.sty
Package: amsmath 2023/05/13 v2.17o AMS math features
\@mathmargin=\skip50

For additional information on amsmath, use the `?' option.
(d:/Tex Live/texlive/2024/texmf-dist/tex/latex/amsmath/amstext.sty
Package: amstext 2021/08/26 v2.01 AMS text
 (d:/Tex Live/texlive/2024/texmf-dist/tex/latex/amsmath/amsgen.sty
File: amsgen.sty 1999/11/30 v2.0 generic functions
\@emptytoks=\toks19
\ex@=\dimen141
)) (d:/Tex Live/texlive/2024/texmf-dist/tex/latex/amsmath/amsbsy.sty
Package: amsbsy 1999/11/29 v1.2d Bold Symbols
\pmbraise@=\dimen142
) (d:/Tex Live/texlive/2024/texmf-dist/tex/latex/amsmath/amsopn.sty
Package: amsopn 2022/04/08 v2.04 operator names
)
\inf@bad=\count193
LaTeX Info: Redefining \frac on input line 234.
\uproot@=\count194
\leftroot@=\count195
LaTeX Info: Redefining \overline on input line 399.
LaTeX Info: Redefining \colon on input line 410.
\classnum@=\count196
\DOTSCASE@=\count197
LaTeX Info: Redefining \ldots on input line 496.
LaTeX Info: Redefining \dots on input line 499.
LaTeX Info: Redefining \cdots on input line 620.
\Mathstrutbox@=\box51
\strutbox@=\box52
LaTeX Info: Redefining \big on input line 722.
LaTeX Info: Redefining \Big on input line 723.
LaTeX Info: Redefining \bigg on input line 724.
LaTeX Info: Redefining \Bigg on input line 725.
\big@size=\dimen143
LaTeX Font Info:    Redeclaring font encoding OML on input line 743.
LaTeX Font Info:    Redeclaring font encoding OMS on input line 744.
\macc@depth=\count198
LaTeX Info: Redefining \bmod on input line 905.
LaTeX Info: Redefining \pmod on input line 910.
LaTeX Info: Redefining \smash on input line 940.
LaTeX Info: Redefining \relbar on input line 970.
LaTeX Info: Redefining \Relbar on input line 971.
\c@MaxMatrixCols=\count199
\dotsspace@=\muskip16
\c@parentequation=\count266
\dspbrk@lvl=\count267
\tag@help=\toks20
\row@=\count268
\column@=\count269
\maxfields@=\count270
\andhelp@=\toks21
\eqnshift@=\dimen144
\alignsep@=\dimen145
\tagshift@=\dimen146
\tagwidth@=\dimen147
\totwidth@=\dimen148
\lineht@=\dimen149
\@envbody=\toks22
\multlinegap=\skip51
\multlinetaggap=\skip52
\mathdisplay@stack=\toks23
LaTeX Info: Redefining \[ on input line 2953.
LaTeX Info: Redefining \] on input line 2954.
) (d:/Tex Live/texlive/2024/texmf-dist/tex/latex/verbatimbox/verbatimbox.sty
Package: verbatimbox 2023/08/08 v3.2\ Routines for placing verbatim text into boxes, useful in places where the verbatim environment is inaccessible. Secondarily, for adding vertical buffer around an object.
 (d:/Tex Live/texlive/2024/texmf-dist/tex/latex/tools/verbatim.sty
Package: verbatim 2023-11-06 v1.5v LaTeX2e package for verbatim enhancements
\every@verbatim=\toks24
\verbatim@line=\toks25
\verbatim@in@stream=\read2
) (d:/Tex Live/texlive/2024/texmf-dist/tex/latex/readarray/readarray.sty
Package: readarray 2021/09/17\ 3.1\ Routines for inputting 2D and 3D array data and recalling it on an element-by-element basis.
 (d:/Tex Live/texlive/2024/texmf-dist/tex/latex/forloop/forloop.sty
Package: forloop 2023/05/03 v3.0 For Loops for LaTeX
 (d:/Tex Live/texlive/2024/texmf-dist/tex/latex/base/ifthen.sty
Package: ifthen 2022/04/13 v1.1d Standard LaTeX ifthen package (DPC)
)) (d:/Tex Live/texlive/2024/texmf-dist/tex/generic/listofitems/listofitems.sty (d:/Tex Live/texlive/2024/texmf-dist/tex/generic/listofitems/listofitems.tex
\loi_cnt_foreach_nest=\count271
\loi_nestcnt=\count272
)
Package: listofitems 2024/03/09 v1.65 Grab items in lists using user-specified sep char (CT)
)
\c@@index=\count273
\c@@plane=\count274
\c@@row=\count275
\c@@col=\count276
\c@use@args=\count277
\c@@record=\count278
\c@index@count=\count279
\Arg@toks=\toks26
\@arrayident@toks=\toks27
\rdar@file=\read3
\readarrayendlinechar=\count280

readarray: bounds checking OFF
)
\savedverbbox=\box53
\c@VerbboxLineNo=\count281
\boxtopsep=\dimen150
\boxbottomsep=\dimen151
\ps@tempdima=\dimen152
\ps@tempboxa=\box54
\boxtop@sep=\skip53
\boxbottom@sep=\skip54
) (d:/Tex Live/texlive/2024/texmf-dist/tex/latex/xcolor/xcolor.sty
Package: xcolor 2023/11/15 v3.01 LaTeX color extensions (UK)
 (d:/Tex Live/texlive/2024/texmf-dist/tex/latex/graphics-cfg/color.cfg
File: color.cfg 2016/01/02 v1.6 sample color configuration
)
Package xcolor Info: Driver file: xetex.def on input line 274.
 (d:/Tex Live/texlive/2024/texmf-dist/tex/latex/graphics-def/xetex.def
File: xetex.def 2022/09/22 v5.0n Graphics/color driver for xetex
) (d:/Tex Live/texlive/2024/texmf-dist/tex/latex/graphics/mathcolor.ltx)
Package xcolor Info: Model `cmy' substituted by `cmy0' on input line 1350.
Package xcolor Info: Model `RGB' extended on input line 1366.
Package xcolor Info: Model `HTML' substituted by `rgb' on input line 1368.
Package xcolor Info: Model `Hsb' substituted by `hsb' on input line 1369.
Package xcolor Info: Model `tHsb' substituted by `hsb' on input line 1370.
Package xcolor Info: Model `HSB' substituted by `hsb' on input line 1371.
Package xcolor Info: Model `Gray' substituted by `gray' on input line 1372.
Package xcolor Info: Model `wave' substituted by `hsb' on input line 1373.
) (d:/Tex Live/texlive/2024/texmf-dist/tex/latex/hyperref/hyperref.sty
Package: hyperref 2024-05-23 v7.01i Hypertext links for LaTeX
 (d:/Tex Live/texlive/2024/texmf-dist/tex/generic/iftex/iftex.sty
Package: iftex 2022/02/03 v1.0f TeX engine tests
) (d:/Tex Live/texlive/2024/texmf-dist/tex/latex/graphics/keyval.sty
Package: keyval 2022/05/29 v1.15 key=value parser (DPC)
\KV@toks@=\toks28
) (d:/Tex Live/texlive/2024/texmf-dist/tex/latex/kvsetkeys/kvsetkeys.sty
Package: kvsetkeys 2022-10-05 v1.19 Key value parser (HO)
) (d:/Tex Live/texlive/2024/texmf-dist/tex/generic/kvdefinekeys/kvdefinekeys.sty
Package: kvdefinekeys 2019-12-19 v1.6 Define keys (HO)
) (d:/Tex Live/texlive/2024/texmf-dist/tex/generic/pdfescape/pdfescape.sty
Package: pdfescape 2019/12/09 v1.15 Implements pdfTeX's escape features (HO)
 (d:/Tex Live/texlive/2024/texmf-dist/tex/generic/ltxcmds/ltxcmds.sty
Package: ltxcmds 2023-12-04 v1.26 LaTeX kernel commands for general use (HO)
) (d:/Tex Live/texlive/2024/texmf-dist/tex/generic/pdftexcmds/pdftexcmds.sty
Package: pdftexcmds 2020-06-27 v0.33 Utility functions of pdfTeX for LuaTeX (HO)
 (d:/Tex Live/texlive/2024/texmf-dist/tex/generic/infwarerr/infwarerr.sty
Package: infwarerr 2019/12/03 v1.5 Providing info/warning/error messages (HO)
)
Package pdftexcmds Info: \pdf@primitive is available.
Package pdftexcmds Info: \pdf@ifprimitive is available.
Package pdftexcmds Info: \pdfdraftmode not found.
)) (d:/Tex Live/texlive/2024/texmf-dist/tex/latex/hycolor/hycolor.sty
Package: hycolor 2020-01-27 v1.10 Color options for hyperref/bookmark (HO)
) (d:/Tex Live/texlive/2024/texmf-dist/tex/latex/hyperref/nameref.sty
Package: nameref 2023-11-26 v2.56 Cross-referencing by name of section
 (d:/Tex Live/texlive/2024/texmf-dist/tex/latex/refcount/refcount.sty
Package: refcount 2019/12/15 v3.6 Data extraction from label references (HO)
) (d:/Tex Live/texlive/2024/texmf-dist/tex/generic/gettitlestring/gettitlestring.sty
Package: gettitlestring 2019/12/15 v1.6 Cleanup title references (HO)
 (d:/Tex Live/texlive/2024/texmf-dist/tex/latex/kvoptions/kvoptions.sty
Package: kvoptions 2022-06-15 v3.15 Key value format for package options (HO)
))
\c@section@level=\count282
) (d:/Tex Live/texlive/2024/texmf-dist/tex/latex/etoolbox/etoolbox.sty
Package: etoolbox 2020/10/05 v2.5k e-TeX tools for LaTeX (JAW)
\etb@tempcnta=\count283
) (d:/Tex Live/texlive/2024/texmf-dist/tex/generic/stringenc/stringenc.sty
Package: stringenc 2019/11/29 v1.12 Convert strings between diff. encodings (HO)
)
\@linkdim=\dimen153
\Hy@linkcounter=\count284
\Hy@pagecounter=\count285
 (d:/Tex Live/texlive/2024/texmf-dist/tex/latex/hyperref/pd1enc.def
File: pd1enc.def 2024-05-23 v7.01i Hyperref: PDFDocEncoding definition (HO)
) (d:/Tex Live/texlive/2024/texmf-dist/tex/generic/intcalc/intcalc.sty
Package: intcalc 2019/12/15 v1.3 Expandable calculations with integers (HO)
)
\Hy@SavedSpaceFactor=\count286
 (d:/Tex Live/texlive/2024/texmf-dist/tex/latex/hyperref/puenc.def
File: puenc.def 2024-05-23 v7.01i Hyperref: PDF Unicode definition (HO)
)
Package hyperref Info: Hyper figures OFF on input line 4157.
Package hyperref Info: Link nesting OFF on input line 4162.
Package hyperref Info: Hyper index ON on input line 4165.
Package hyperref Info: Plain pages OFF on input line 4172.
Package hyperref Info: Backreferencing OFF on input line 4177.
Package hyperref Info: Implicit mode ON; LaTeX internals redefined.
Package hyperref Info: Bookmarks ON on input line 4424.
\c@Hy@tempcnt=\count287
 (d:/Tex Live/texlive/2024/texmf-dist/tex/latex/url/url.sty
\Urlmuskip=\muskip17
Package: url 2013/09/16  ver 3.4  Verb mode for urls, etc.
)
LaTeX Info: Redefining \url on input line 4763.
\XeTeXLinkMargin=\dimen154
 (d:/Tex Live/texlive/2024/texmf-dist/tex/generic/bitset/bitset.sty
Package: bitset 2019/12/09 v1.3 Handle bit-vector datatype (HO)
 (d:/Tex Live/texlive/2024/texmf-dist/tex/generic/bigintcalc/bigintcalc.sty
Package: bigintcalc 2019/12/15 v1.5 Expandable calculations on big integers (HO)
))
\Fld@menulength=\count288
\Field@Width=\dimen155
\Fld@charsize=\dimen156
Package hyperref Info: Hyper figures OFF on input line 6042.
Package hyperref Info: Link nesting OFF on input line 6047.
Package hyperref Info: Hyper index ON on input line 6050.
Package hyperref Info: backreferencing OFF on input line 6057.
Package hyperref Info: Link coloring OFF on input line 6062.
Package hyperref Info: Link coloring with OCG OFF on input line 6067.
Package hyperref Info: PDF/A mode OFF on input line 6072.
 (d:/Tex Live/texlive/2024/texmf-dist/tex/latex/base/atbegshi-ltx.sty
Package: atbegshi-ltx 2021/01/10 v1.0c Emulation of the original atbegshi
package with kernel methods
)
\Hy@abspage=\count289
\c@Item=\count290
\c@Hfootnote=\count291
)
Package hyperref Info: Driver (autodetected): hxetex.
 (d:/Tex Live/texlive/2024/texmf-dist/tex/latex/hyperref/hxetex.def
File: hxetex.def 2024-05-23 v7.01i Hyperref driver for XeTeX
\pdfm@box=\box55
\c@Hy@AnnotLevel=\count292
\HyField@AnnotCount=\count293
\Fld@listcount=\count294
\c@bookmark@seq@number=\count295
 (d:/Tex Live/texlive/2024/texmf-dist/tex/latex/rerunfilecheck/rerunfilecheck.sty
Package: rerunfilecheck 2022-07-10 v1.10 Rerun checks for auxiliary files (HO)
 (d:/Tex Live/texlive/2024/texmf-dist/tex/latex/base/atveryend-ltx.sty
Package: atveryend-ltx 2020/08/19 v1.0a Emulation of the original atveryend package
with kernel methods
) (d:/Tex Live/texlive/2024/texmf-dist/tex/generic/uniquecounter/uniquecounter.sty
Package: uniquecounter 2019/12/15 v1.4 Provide unlimited unique counter (HO)
)
Package uniquecounter Info: New unique counter `rerunfilecheck' on input line 285.
)
\Hy@SectionHShift=\skip55
) (d:/Tex Live/texlive/2024/texmf-dist/tex/latex/listings/listings.sty
\lst@mode=\count296
\lst@gtempboxa=\box56
\lst@token=\toks29
\lst@length=\count297
\lst@currlwidth=\dimen157
\lst@column=\count298
\lst@pos=\count299
\lst@lostspace=\dimen158
\lst@width=\dimen159
\lst@newlines=\count300
\lst@lineno=\count301
\lst@maxwidth=\dimen160
 (d:/Tex Live/texlive/2024/texmf-dist/tex/latex/listings/lstpatch.sty
File: lstpatch.sty 2024/05/25 1.10b (Carsten Heinz)
) (d:/Tex Live/texlive/2024/texmf-dist/tex/latex/listings/lstmisc.sty
File: lstmisc.sty 2024/05/25 1.10b (Carsten Heinz)
\c@lstnumber=\count302
\lst@skipnumbers=\count303
\lst@framebox=\box57
) (d:/Tex Live/texlive/2024/texmf-dist/tex/latex/listings/listings.cfg
File: listings.cfg 2024/05/25 1.10b listings configuration
))
Package: listings 2024/05/25 1.10b (Carsten Heinz)
 (d:/Tex Live/texlive/2024/texmf-dist/tex/latex/tools/tabularx.sty
Package: tabularx 2023/07/08 v2.11c `tabularx' package (DPC)
 (d:/Tex Live/texlive/2024/texmf-dist/tex/latex/tools/array.sty
Package: array 2023/10/16 v2.5g Tabular extension package (FMi)
\col@sep=\dimen161
\ar@mcellbox=\box58
\extrarowheight=\dimen162
\NC@list=\toks30
\extratabsurround=\skip56
\backup@length=\skip57
\ar@cellbox=\box59
)
\TX@col@width=\dimen163
\TX@old@table=\dimen164
\TX@old@col=\dimen165
\TX@target=\dimen166
\TX@delta=\dimen167
\TX@cols=\count304
\TX@ftn=\toks31
) (d:/Tex Live/texlive/2024/texmf-dist/tex/latex/microtype/microtype.sty
Package: microtype 2024/03/29 v3.1b Micro-typographical refinements (RS)
\MT@toks=\toks32
\MT@tempbox=\box60
\MT@count=\count305
LaTeX Info: Redefining \noprotrusionifhmode on input line 1061.
LaTeX Info: Redefining \leftprotrusion on input line 1062.
\MT@prot@toks=\toks33
LaTeX Info: Redefining \rightprotrusion on input line 1081.
LaTeX Info: Redefining \textls on input line 1392.
\MT@outer@kern=\dimen168
LaTeX Info: Redefining \textmicrotypecontext on input line 2013.
\MT@listname@count=\count306
 (d:/Tex Live/texlive/2024/texmf-dist/tex/latex/microtype/microtype-xetex.def
File: microtype-xetex.def 2024/03/29 v3.1b Definitions specific to xetex (RS)
LaTeX Info: Redefining \lsstyle on input line 238.
)
Package microtype Info: Loading configuration file microtype.cfg.
 (d:/Tex Live/texlive/2024/texmf-dist/tex/latex/microtype/microtype.cfg
File: microtype.cfg 2024/03/29 v3.1b microtype main configuration file (RS)
)) (d:/Tex Live/texlive/2024/texmf-dist/tex/latex/caption/caption.sty
Package: caption 2023/08/05 v3.6o Customizing captions (AR)
 (d:/Tex Live/texlive/2024/texmf-dist/tex/latex/caption/caption3.sty
Package: caption3 2023/07/31 v2.4d caption3 kernel (AR)
\caption@tempdima=\dimen169
\captionmargin=\dimen170
\caption@leftmargin=\dimen171
\caption@rightmargin=\dimen172
\caption@width=\dimen173
\caption@indent=\dimen174
\caption@parindent=\dimen175
\caption@hangindent=\dimen176
Package caption Info: Standard document class detected.
)
\c@caption@flags=\count307
\c@continuedfloat=\count308
Package caption Info: hyperref package is loaded.
Package caption Info: listings package is loaded.
) (d:/Tex Live/texlive/2024/texmf-dist/tex/latex/caption/subcaption.sty
Package: subcaption 2023/07/28 v1.6b Sub-captions (AR)
Package caption Info: New subtype `subfigure' on input line 238.
\c@subfigure=\count309
Package caption Info: New subtype `subtable' on input line 238.
\c@subtable=\count310
) (d:/Tex Live/texlive/2024/texmf-dist/tex/latex/overpic/overpic.sty
Package: overpic 2024/01/06 2.1 picture overlays (RN)
 (d:/Tex Live/texlive/2024/texmf-dist/tex/latex/graphics/graphicx.sty
Package: graphicx 2021/09/16 v1.2d Enhanced LaTeX Graphics (DPC,SPQR)
 (d:/Tex Live/texlive/2024/texmf-dist/tex/latex/graphics/graphics.sty
Package: graphics 2022/03/10 v1.4e Standard LaTeX Graphics (DPC,SPQR)
 (d:/Tex Live/texlive/2024/texmf-dist/tex/latex/graphics/trig.sty
Package: trig 2021/08/11 v1.11 sin cos tan (DPC)
) (d:/Tex Live/texlive/2024/texmf-dist/tex/latex/graphics-cfg/graphics.cfg
File: graphics.cfg 2016/06/04 v1.11 sample graphics configuration
)
Package graphics Info: Driver file: xetex.def on input line 107.
)
\Gin@req@height=\dimen177
\Gin@req@width=\dimen178
) (d:/Tex Live/texlive/2024/texmf-dist/tex/latex/eepic/epic.sty
Enhancements to Picture Environment. Version 1.2 - Released June 1, 1986
\@@multicnt=\count311
\d@lta=\count312
\@delta=\dimen179
\@@delta=\dimen180
\@gridcnt=\count313
\@joinkind=\count314
\@dotgap=\dimen181
\@ddotgap=\dimen182
\@x@diff=\count315
\@y@diff=\count316
\x@diff=\dimen183
\y@diff=\dimen184
\@dotbox=\box61
\num@segments=\count317
\num@segmentsi=\count318
\@datafile=\read4
)
\OVP@box=\box62
) (d:/Tex Live/texlive/2024/texmf-dist/tex/latex/tools/multicol.sty
Package: multicol 2023/03/30 v1.9f multicolumn formatting (FMi)
\c@tracingmulticols=\count319
\mult@box=\box63
\multicol@leftmargin=\dimen185
\c@unbalance=\count320
\c@collectmore=\count321
\doublecol@number=\count322
\multicoltolerance=\count323
\multicolpretolerance=\count324
\full@width=\dimen186
\page@free=\dimen187
\premulticols=\dimen188
\postmulticols=\dimen189
\multicolsep=\skip58
\multicolbaselineskip=\skip59
\partial@page=\box64
\last@line=\box65
\mc@boxedresult=\box66
\maxbalancingoverflow=\dimen190
\mult@rightbox=\box67
\mult@grightbox=\box68
\mult@firstbox=\box69
\mult@gfirstbox=\box70
\@tempa=\box71
\@tempa=\box72
\@tempa=\box73
\@tempa=\box74
\@tempa=\box75
\@tempa=\box76
\@tempa=\box77
\@tempa=\box78
\@tempa=\box79
\@tempa=\box80
\@tempa=\box81
\@tempa=\box82
\@tempa=\box83
\@tempa=\box84
\@tempa=\box85
\@tempa=\box86
\@tempa=\box87
\@tempa=\box88
\@tempa=\box89
\@tempa=\box90
\@tempa=\box91
\@tempa=\box92
\@tempa=\box93
\@tempa=\box94
\@tempa=\box95
\@tempa=\box96
\@tempa=\box97
\@tempa=\box98
\@tempa=\box99
\@tempa=\box100
\@tempa=\box101
\@tempa=\box102
\@tempa=\box103
\@tempa=\box104
\@tempa=\box105
\@tempa=\box106
\c@minrows=\count325
\c@columnbadness=\count326
\c@finalcolumnbadness=\count327
\last@try=\dimen191
\multicolovershoot=\dimen192
\multicolundershoot=\dimen193
\mult@nat@firstbox=\box107
\colbreak@box=\box108
\mc@col@check@num=\count328
) (d:/Tex Live/texlive/2024/texmf-dist/tex/latex/geometry/geometry.sty
Package: geometry 2020/01/02 v5.9 Page Geometry
 (d:/Tex Live/texlive/2024/texmf-dist/tex/generic/iftex/ifvtex.sty
Package: ifvtex 2019/10/25 v1.7 ifvtex legacy package. Use iftex instead.
)
\Gm@cnth=\count329
\Gm@cntv=\count330
\c@Gm@tempcnt=\count331
\Gm@bindingoffset=\dimen194
\Gm@wd@mp=\dimen195
\Gm@odd@mp=\dimen196
\Gm@even@mp=\dimen197
\Gm@layoutwidth=\dimen198
\Gm@layoutheight=\dimen199
\Gm@layouthoffset=\dimen256
\Gm@layoutvoffset=\dimen257
\Gm@dimlist=\toks34
) (d:/Tex Live/texlive/2024/texmf-dist/tex/latex/l3backend/l3backend-xetex.def
File: l3backend-xetex.def 2024-05-08 L3 backend support: XeTeX
\g__graphics_track_int=\count332
\l__pdf_internal_box=\box109
\g__pdf_backend_annotation_int=\count333
\g__pdf_backend_link_int=\count334
) (./report.aux)
\openout1 = `report.aux'.

LaTeX Font Info:    Checking defaults for OML/cmm/m/it on input line 39.
LaTeX Font Info:    ... okay on input line 39.
LaTeX Font Info:    Checking defaults for OMS/cmsy/m/n on input line 39.
LaTeX Font Info:    ... okay on input line 39.
LaTeX Font Info:    Checking defaults for OT1/cmr/m/n on input line 39.
LaTeX Font Info:    ... okay on input line 39.
LaTeX Font Info:    Checking defaults for T1/cmr/m/n on input line 39.
LaTeX Font Info:    ... okay on input line 39.
LaTeX Font Info:    Checking defaults for TS1/cmr/m/n on input line 39.
LaTeX Font Info:    Trying to load font information for TS1+cmr on input line 39.
 (d:/Tex Live/texlive/2024/texmf-dist/tex/latex/base/ts1cmr.fd
File: ts1cmr.fd 2023/04/13 v2.5m Standard LaTeX font definitions
)
LaTeX Font Info:    ... okay on input line 39.
LaTeX Font Info:    Checking defaults for TU/lmr/m/n on input line 39.
LaTeX Font Info:    ... okay on input line 39.
LaTeX Font Info:    Checking defaults for OMX/cmex/m/n on input line 39.
LaTeX Font Info:    ... okay on input line 39.
LaTeX Font Info:    Checking defaults for U/cmr/m/n on input line 39.
LaTeX Font Info:    ... okay on input line 39.
LaTeX Font Info:    Checking defaults for PD1/pdf/m/n on input line 39.
LaTeX Font Info:    ... okay on input line 39.
LaTeX Font Info:    Checking defaults for PU/pdf/m/n on input line 39.
LaTeX Font Info:    ... okay on input line 39.
Package hyperref Info: Link coloring OFF on input line 39.
 (./report.out) (./report.out)
\@outlinefile=\write3
\openout3 = `report.out'.

\c@lstlisting=\count335
LaTeX Info: Redefining \microtypecontext on input line 39.
Package microtype Info: Applying patch `item' on input line 39.
Package microtype Info: Applying patch `toc' on input line 39.
Package microtype Info: Applying patch `eqnum' on input line 39.
Package microtype Info: Applying patch `footnote' on input line 39.
Package microtype Info: Applying patch `verbatim' on input line 39.
Package microtype Info: Character protrusion enabled (level 2).
Package microtype Info: Using default protrusion set `alltext'.
Package microtype Info: No adjustment of tracking.
Package microtype Info: No adjustment of spacing.
Package microtype Info: No adjustment of kerning.
 (d:/Tex Live/texlive/2024/texmf-dist/tex/latex/microtype/mt-LatinModernRoman.cfg
File: mt-LatinModernRoman.cfg 2021/02/21 v1.1 microtype config. file: Latin Modern Roman (RS)
)
Package caption Info: Begin \AtBeginDocument code.
Package caption Info: End \AtBeginDocument code.

*geometry* driver: auto-detecting
*geometry* detected driver: xetex
*geometry* verbose mode - [ preamble ] result:
* driver: xetex
* paper: a4paper
* layout: <same size as paper>
* layoutoffset:(h,v)=(0.0pt,0.0pt)
* modes: 
* h-part:(L,W,R)=(56.9055pt, 483.69687pt, 56.9055pt)
* v-part:(T,H,B)=(71.13188pt, 702.78308pt, 71.13188pt)
* \paperwidth=597.50787pt
* \paperheight=845.04684pt
* \textwidth=483.69687pt
* \textheight=702.78308pt
* \oddsidemargin=-15.36449pt
* \evensidemargin=-15.36449pt
* \topmargin=-38.1381pt
* \headheight=12.0pt
* \headsep=25.0pt
* \topskip=12.0pt
* \footskip=30.0pt
* \marginparwidth=35.0pt
* \marginparsep=10.0pt
* \columnsep=30.0pt
* \skip\footins=10.8pt plus 4.0pt minus 2.0pt
* \hoffset=0.0pt
* \voffset=0.0pt
* \mag=1000
* \@twocolumnfalse
* \@twosidefalse
* \@mparswitchfalse
* \@reversemarginfalse
* (1in=72.27pt=25.4mm, 1cm=28.453pt)

(d:/Tex Live/texlive/2024/texmf-dist/tex/latex/microtype/mt-cmr.cfg
File: mt-cmr.cfg 2013/05/19 v2.2 microtype config. file: Computer Modern Roman (RS)
)
Package microtype Info: Loading generic protrusion settings for font family
(microtype)             `lmtt' (encoding: TU).
(microtype)             For optimal results, create family-specific settings.
(microtype)             See the microtype manual for details.

Overfull \hbox (0.12038pt too wide) in paragraph at lines 52--57
\TU/lmr/m/n/12 data from Kaggle (2020–2024), preprocessing
 []

[1

]

Package caption Warning: The option `hypcap=true' will be ignored for this
(caption)                particular \caption on input line 78.
See the caption package documentation for explanation.


Underfull \hbox (badness 10000) in paragraph at lines 111--113
\TU/lmr/m/n/12 The Hadoop Distributed File System
 []


Underfull \hbox (badness 10000) in paragraph at lines 123--123
[]|\TU/lmr/m/n/12 NameNode, DataNode, Sec-
 []


Package caption Warning: The option `hypcap=true' will be ignored for this
(caption)                particular \caption on input line 124.
See the caption package documentation for explanation.


Underfull \hbox (badness 10000) in paragraph at lines 141--142
[]\TU/lmr/bx/n/12 core-site.xml\TU/lmr/m/n/12 : Configures the
 []

[2]
File: Picture/YARN_architecture.jpg Graphic file (type bmp)
<Picture/YARN_architecture.jpg>


Package caption Warning: The option `hypcap=true' will be ignored for this
(caption)                particular \caption on input line 153.
See the caption package documentation for explanation.


Overfull \hbox (18.0pt too wide) in paragraph at lines 152--153
[][] 
 []


Package caption Warning: The option `hypcap=true' will be ignored for this
(caption)                particular \caption on input line 178.
See the caption package documentation for explanation.

[3]
Overfull \hbox (38.7985pt too wide) in paragraph at lines 212--223
 [][] 
 []

File: Picture/feature_importance.jpg Graphic file (type bmp)
<Picture/feature_importance.jpg>

Package caption Warning: The option `hypcap=true' will be ignored for this
(caption)                particular \caption on input line 257.
See the caption package documentation for explanation.

[4]
Underfull \hbox (badness 6236) in paragraph at lines 306--307
\TU/lmr/m/n/12 accuracy, but it requires careful tun-
 []


Underfull \hbox (badness 8113) in paragraph at lines 309--310
 []\TU/lmr/bx/n/12 Linear Regression[] \TU/lmr/m/n/12 Linear Regression
 []


Underfull \hbox (badness 6477) in paragraph at lines 309--310
\TU/lmr/m/n/12 plex ensemble methods. I use the
 []


Underfull \hbox (badness 6542) in paragraph at lines 309--310
\TU/lmr/m/n/12 standard \TU/lmtt/m/n/12 LinearRegression \TU/lmr/m/n/12 class from
 []

[5]
Underfull \hbox (badness 10000) in paragraph at lines 336--336
[]\TU/lmr/bx/n/12 Initializing SparkSession in
 []


Underfull \hbox (badness 10000) in paragraph at lines 356--357
[]\TU/lmr/bx/n/12 spark.sql.shuffle.partitions\TU/lmr/m/n/12 : De-
 []

[6] [7]
File: Picture/error_result.jpg Graphic file (type bmp)
<Picture/error_result.jpg>


Package caption Warning: The option `hypcap=true' will be ignored for this
(caption)                particular \caption on input line 422.
See the caption package documentation for explanation.

File: Picture/prediction_result.jpg Graphic file (type bmp)
<Picture/prediction_result.jpg>

Package caption Warning: The option `hypcap=true' will be ignored for this
(caption)                particular \caption on input line 428.
See the caption package documentation for explanation.

[8]
File: Picture/Benchmark.png Graphic file (type bmp)
<Picture/Benchmark.png>


Package caption Warning: The option `hypcap=true' will be ignored for this
(caption)                particular \caption on input line 455.
See the caption package documentation for explanation.

File: Picture/AI_skills.jpg Graphic file (type bmp)
<Picture/AI_skills.jpg>

Package caption Warning: The option `hypcap=true' will be ignored for this
(caption)                particular \caption on input line 463.
See the caption package documentation for explanation.

[9]
File: Picture/Data_Scientist_Salary.jpg Graphic file (type bmp)
<Picture/Data_Scientist_Salary.jpg>


Package caption Warning: The option `hypcap=true' will be ignored for this
(caption)                particular \caption on input line 476.
See the caption package documentation for explanation.

File: Picture/Comparision_Changes.jpg Graphic file (type bmp)
<Picture/Comparision_Changes.jpg>

Package caption Warning: The option `hypcap=true' will be ignored for this
(caption)                particular \caption on input line 480.
See the caption package documentation for explanation.

[10] (./report.bbl) [11] (./report.aux)
 ***********
LaTeX2e <2023-11-01> patch level 1
L3 programming layer <2024-05-08>
 ***********
Package rerunfilecheck Info: File `report.out' has not changed.
(rerunfilecheck)             Checksum: 1BD166B092339766357D3FC0651CF87F;4758.
 ) 
Here is how much of TeX's memory you used:
 15230 strings out of 474648
 249162 string characters out of 5754599
 2075559 words of memory out of 5000000
 37295 multiletter control sequences out of 15000+600000
 564447 words of font info for 71 fonts, out of 8000000 for 9000
 1348 hyphenation exceptions out of 8191
 72i,9n,79p,1048b,1886s stack positions out of 10000i,1000n,20000p,200000b,200000s

Output written on report.pdf (11 pages).
